;  LST file generated by mikroListExporter - v.2.0 
; Date/Time: 19/06/2022 03:27:45
;----------------------------------------------

;Address Opcode 	ASM
0x0000	0x28E9      	GOTO       233
_____DoICP:
;__Lib_System.c,6 :: 		
;__Lib_System.c,9 :: 		
0x0003	0x1683      	BSF        STATUS, 5
0x0004	0x1303      	BCF        STATUS, 6
0x0005	0x0825      	MOVF       ___DoICPAddr+1, 0
0x0006	0x008A      	MOVWF      PCLATH
;__Lib_System.c,10 :: 		
0x0007	0x0824      	MOVF       ___DoICPAddr, 0
0x0008	0x0082      	MOVWF      PCL
;__Lib_System.c,12 :: 		
L_end_____DoICP:
0x0009	0x0008      	RETURN
; end of _____DoICP
_UART1_Write:
;__Lib_UART_c67.c,39 :: 		
;__Lib_UART_c67.c,40 :: 		
L_UART1_Write3:
0x000A	0x1683      	BSF        STATUS, 5
0x000B	0x1303      	BCF        STATUS, 6
0x000C	0x1898      	BTFSC      TXSTA, 1
0x000D	0x2810      	GOTO       L_UART1_Write4
;__Lib_UART_c67.c,41 :: 		
0x000E	0x0000      	NOP
0x000F	0x280A      	GOTO       L_UART1_Write3
L_UART1_Write4:
;__Lib_UART_c67.c,42 :: 		
0x0010	0x0831      	MOVF       FARG_UART1_Write_data_, 0
0x0011	0x1283      	BCF        STATUS, 5
0x0012	0x0099      	MOVWF      TXREG
;__Lib_UART_c67.c,43 :: 		
L_end_UART1_Write:
0x0013	0x0008      	RETURN
; end of _UART1_Write
_Delay_22us:
;__Lib_Delays.c,15 :: 		void Delay_22us() {
;__Lib_Delays.c,16 :: 		Delay_us(22);
0x0014	0x301D      	MOVLW      29
0x0015	0x1283      	BCF        STATUS, 5
0x0016	0x1303      	BCF        STATUS, 6
0x0017	0x00FD      	MOVWF      R13
L_Delay_22us1:
0x0018	0x0BFD      	DECFSZ     R13, 1
0x0019	0x2818      	GOTO       L_Delay_22us1
;__Lib_Delays.c,17 :: 		}
L_end_Delay_22us:
0x001A	0x0008      	RETURN
; end of _Delay_22us
___CC2DW:
;__Lib_System.c,134 :: 		
;__Lib_System.c,137 :: 		
_CC2D_Loop1:
;__Lib_System.c,139 :: 		
0x001B	0x2003      	CALL       _____DoICP
0x001C	0x118A      	BCF        PCLATH, 3
0x001D	0x120A      	BCF        PCLATH, 4
;__Lib_System.c,141 :: 		
0x001E	0x0080      	MOVWF      INDF
;__Lib_System.c,142 :: 		
0x001F	0x0A84      	INCF       FSR, 1
;__Lib_System.c,143 :: 		
0x0020	0x0AA4      	INCF       ___DoICPAddr, 1
;__Lib_System.c,145 :: 		
0x0021	0x1903      	BTFSC      STATUS, 2
;__Lib_System.c,146 :: 		
0x0022	0x0AA5      	INCF       ___DoICPAddr+1, 1
;__Lib_System.c,147 :: 		
0x0023	0x03F0      	DECF       R0, 1
;__Lib_System.c,149 :: 		
0x0024	0x1D03      	BTFSS      STATUS, 2
;__Lib_System.c,150 :: 		
0x0025	0x281B      	GOTO       _CC2D_Loop1
;__Lib_System.c,152 :: 		
L_end___CC2DW:
0x0026	0x0008      	RETURN
; end of ___CC2DW
_UART1_Init:
;__Lib_UART_c67.c,2 :: 		
;__Lib_UART_c67.c,5 :: 		
0x0027	0x1683      	BSF        STATUS, 5
0x0028	0x1303      	BCF        STATUS, 6
0x0029	0x1698      	BSF        TXSTA, 5
;__Lib_UART_c67.c,6 :: 		
0x002A	0x3090      	MOVLW      144
0x002B	0x1283      	BCF        STATUS, 5
0x002C	0x0098      	MOVWF      RCSTA
;__Lib_UART_c67.c,7 :: 		
0x002D	0x1683      	BSF        STATUS, 5
0x002E	0x1787      	BSF        TRISC7_bit, BitPos(TRISC7_bit+0)
;__Lib_UART_c67.c,8 :: 		
0x002F	0x1307      	BCF        TRISC6_bit, BitPos(TRISC6_bit+0)
;__Lib_UART_c67.c,10 :: 		
L_UART1_Init0:
0x0030	0x1283      	BCF        STATUS, 5
0x0031	0x1E8C      	BTFSS      PIR1, 5
0x0032	0x2836      	GOTO       L_UART1_Init1
;__Lib_UART_c67.c,11 :: 		
0x0033	0x081A      	MOVF       RCREG, 0
0x0034	0x00F0      	MOVWF      R0
0x0035	0x2830      	GOTO       L_UART1_Init0
L_UART1_Init1:
;__Lib_UART_c67.c,12 :: 		
L_end_UART1_Init:
0x0036	0x0008      	RETURN
; end of _UART1_Init
_UART1_Write_Text:
;__Lib_UART_c67.c,47 :: 		
;__Lib_UART_c67.c,48 :: 		
0x0037	0x1683      	BSF        STATUS, 5
0x0038	0x1303      	BCF        STATUS, 6
0x0039	0x01B0      	CLRF       UART1_Write_Text_counter_L0
;__Lib_UART_c67.c,50 :: 		
0x003A	0x082E      	MOVF       FARG_UART1_Write_Text_uart_text, 0
0x003B	0x0084      	MOVWF      FSR
0x003C	0x0800      	MOVF       INDF, 0
0x003D	0x00AF      	MOVWF      UART1_Write_Text_data__L0
;__Lib_UART_c67.c,51 :: 		
L_UART1_Write_Text5:
0x003E	0x082F      	MOVF       UART1_Write_Text_data__L0, 0
0x003F	0x3A00      	XORLW      0
0x0040	0x1903      	BTFSC      STATUS, 2
0x0041	0x284D      	GOTO       L_UART1_Write_Text6
;__Lib_UART_c67.c,52 :: 		
0x0042	0x082F      	MOVF       UART1_Write_Text_data__L0, 0
0x0043	0x00B1      	MOVWF      FARG_UART1_Write_data_
0x0044	0x200A      	CALL       _UART1_Write
;__Lib_UART_c67.c,53 :: 		
0x0045	0x1683      	BSF        STATUS, 5
0x0046	0x0AB0      	INCF       UART1_Write_Text_counter_L0, 1
;__Lib_UART_c67.c,54 :: 		
0x0047	0x0830      	MOVF       UART1_Write_Text_counter_L0, 0
0x0048	0x072E      	ADDWF      FARG_UART1_Write_Text_uart_text, 0
0x0049	0x0084      	MOVWF      FSR
0x004A	0x0800      	MOVF       INDF, 0
0x004B	0x00AF      	MOVWF      UART1_Write_Text_data__L0
;__Lib_UART_c67.c,55 :: 		
0x004C	0x283E      	GOTO       L_UART1_Write_Text5
L_UART1_Write_Text6:
;__Lib_UART_c67.c,56 :: 		
L_end_UART1_Write_Text:
0x004D	0x0008      	RETURN
; end of _UART1_Write_Text
_Mul_16X16_U:
;__Lib_Math.c,136 :: 		
;__Lib_Math.c,143 :: 		
0x004E	0x1283      	BCF        STATUS, 5
;__Lib_Math.c,144 :: 		
0x004F	0x1303      	BCF        STATUS, 6
;__Lib_Math.c,145 :: 		
0x0050	0x01FB      	CLRF       R11
;__Lib_Math.c,146 :: 		
0x0051	0x01FA      	CLRF       R10
;__Lib_Math.c,147 :: 		
0x0052	0x01F9      	CLRF       R9
;__Lib_Math.c,148 :: 		
0x0053	0x3080      	MOVLW      128
;__Lib_Math.c,149 :: 		
0x0054	0x00F8      	MOVWF      R8
;__Lib_Math.c,150 :: 		
0x0055	0x0CF1      	RRF        R1, 1
;__Lib_Math.c,151 :: 		
0x0056	0x0CF0      	RRF        R0, 1
;__Lib_Math.c,152 :: 		
0x0057	0x1C03      	BTFSS      STATUS, 0
;__Lib_Math.c,153 :: 		
0x0058	0x2862      	GOTO       $+10
;__Lib_Math.c,154 :: 		
0x0059	0x0874      	MOVF       R4, 0
;__Lib_Math.c,155 :: 		
0x005A	0x07F9      	ADDWF      R9, 1
;__Lib_Math.c,156 :: 		
0x005B	0x0875      	MOVF       R5, 0
;__Lib_Math.c,157 :: 		
0x005C	0x1803      	BTFSC      STATUS, 0
;__Lib_Math.c,158 :: 		
0x005D	0x0F75      	INCFSZ     R5, 0
;__Lib_Math.c,159 :: 		
0x005E	0x07FA      	ADDWF      R10, 1
;__Lib_Math.c,160 :: 		
0x005F	0x1803      	BTFSC      STATUS, 0
;__Lib_Math.c,161 :: 		
0x0060	0x0AFB      	INCF       R11, 1
;__Lib_Math.c,162 :: 		
0x0061	0x1003      	BCF        STATUS, 0
;__Lib_Math.c,163 :: 		
0x0062	0x1FF0      	BTFSS      R0, 7
;__Lib_Math.c,164 :: 		
0x0063	0x286A      	GOTO       $+7
;__Lib_Math.c,165 :: 		
0x0064	0x0874      	MOVF       R4, 0
;__Lib_Math.c,166 :: 		
0x0065	0x07FA      	ADDWF      R10, 1
;__Lib_Math.c,167 :: 		
0x0066	0x0875      	MOVF       R5, 0
;__Lib_Math.c,168 :: 		
0x0067	0x1803      	BTFSC      STATUS, 0
;__Lib_Math.c,169 :: 		
0x0068	0x0F75      	INCFSZ     R5, 0
;__Lib_Math.c,170 :: 		
0x0069	0x07FB      	ADDWF      R11, 1
;__Lib_Math.c,171 :: 		
0x006A	0x0CFB      	RRF        R11, 1
;__Lib_Math.c,172 :: 		
0x006B	0x0CFA      	RRF        R10, 1
;__Lib_Math.c,173 :: 		
0x006C	0x0CF9      	RRF        R9, 1
;__Lib_Math.c,174 :: 		
0x006D	0x0CF8      	RRF        R8, 1
;__Lib_Math.c,175 :: 		
0x006E	0x1C03      	BTFSS      STATUS, 0
;__Lib_Math.c,176 :: 		
0x006F	0x2855      	GOTO       $-26
;__Lib_Math.c,177 :: 		
0x0070	0x087B      	MOVF       R11, 0
;__Lib_Math.c,178 :: 		
0x0071	0x00F3      	MOVWF      R3
;__Lib_Math.c,179 :: 		
0x0072	0x087A      	MOVF       R10, 0
;__Lib_Math.c,180 :: 		
0x0073	0x00F2      	MOVWF      R2
;__Lib_Math.c,181 :: 		
0x0074	0x0879      	MOVF       R9, 0
;__Lib_Math.c,182 :: 		
0x0075	0x00F1      	MOVWF      R1
;__Lib_Math.c,183 :: 		
0x0076	0x0878      	MOVF       R8, 0
;__Lib_Math.c,184 :: 		
0x0077	0x00F0      	MOVWF      R0
;__Lib_Math.c,187 :: 		
L_end_Mul_16X16_U:
0x0078	0x0008      	RETURN
; end of _Mul_16X16_U
_UART1_Data_Ready:
;__Lib_UART_c67.c,16 :: 		
;__Lib_UART_c67.c,17 :: 		
0x0079	0x3000      	MOVLW      0
0x007A	0x1283      	BCF        STATUS, 5
0x007B	0x1303      	BCF        STATUS, 6
0x007C	0x1A8C      	BTFSC      PIR1, 5
0x007D	0x3001      	MOVLW      1
0x007E	0x00F0      	MOVWF      R0
;__Lib_UART_c67.c,18 :: 		
L_end_UART1_Data_Ready:
0x007F	0x0008      	RETURN
; end of _UART1_Data_Ready
_Mul_8X8_U:
;__Lib_Math.c,103 :: 		
;__Lib_Math.c,108 :: 		
0x0080	0x1283      	BCF        STATUS, 5
;__Lib_Math.c,109 :: 		
0x0081	0x1303      	BCF        STATUS, 6
;__Lib_Math.c,110 :: 		
0x0082	0x0870      	MOVF       R0, 0
;__Lib_Math.c,111 :: 		
0x0083	0x00F1      	MOVWF      R1
;__Lib_Math.c,112 :: 		
0x0084	0x01F0      	CLRF       R0
;__Lib_Math.c,113 :: 		
0x0085	0x3008      	MOVLW      8
;__Lib_Math.c,114 :: 		
0x0086	0x00FC      	MOVWF      R12
;__Lib_Math.c,115 :: 		
0x0087	0x0871      	MOVF       R1, 0
;__Lib_Math.c,116 :: 		
0x0088	0x0CF4      	RRF        R4, 1
;__Lib_Math.c,117 :: 		
0x0089	0x1803      	BTFSC      STATUS, 0
;__Lib_Math.c,118 :: 		
0x008A	0x288F      	GOTO       $+5
;__Lib_Math.c,119 :: 		
0x008B	0x0BFC      	DECFSZ     R12, 1
;__Lib_Math.c,120 :: 		
0x008C	0x2888      	GOTO       $-4
;__Lib_Math.c,121 :: 		
0x008D	0x01F1      	CLRF       R1
;__Lib_Math.c,122 :: 		
0x008E	0x3400      	RETLW      0
;__Lib_Math.c,123 :: 		
0x008F	0x1003      	BCF        STATUS, 0
;__Lib_Math.c,124 :: 		
0x0090	0x2894      	GOTO       $+4
;__Lib_Math.c,125 :: 		
0x0091	0x0CF4      	RRF        R4, 1
;__Lib_Math.c,126 :: 		
0x0092	0x1803      	BTFSC      STATUS, 0
;__Lib_Math.c,127 :: 		
0x0093	0x07F1      	ADDWF      R1, 1
;__Lib_Math.c,128 :: 		
0x0094	0x0CF1      	RRF        R1, 1
;__Lib_Math.c,129 :: 		
0x0095	0x0CF0      	RRF        R0, 1
;__Lib_Math.c,130 :: 		
0x0096	0x0BFC      	DECFSZ     R12, 1
;__Lib_Math.c,131 :: 		
0x0097	0x2891      	GOTO       $-6
;__Lib_Math.c,133 :: 		
;__Lib_Math.c,134 :: 		
L_end_Mul_8X8_U:
0x0098	0x0008      	RETURN
; end of _Mul_8X8_U
_ADC_Read:
;__Lib_ADC_88X.c,78 :: 		
;__Lib_ADC_88X.c,80 :: 		
0x0099	0x30C3      	MOVLW      195
0x009A	0x1283      	BCF        STATUS, 5
0x009B	0x1303      	BCF        STATUS, 6
0x009C	0x059F      	ANDWF      ADCON0, 1
;__Lib_ADC_88X.c,84 :: 		
0x009D	0x30C0      	MOVLW      192
0x009E	0x009F      	MOVWF      ADCON0
;__Lib_ADC_88X.c,85 :: 		
0x009F	0x1683      	BSF        STATUS, 5
0x00A0	0x082E      	MOVF       FARG_ADC_Read_channel, 0
0x00A1	0x00F0      	MOVWF      R0
0x00A2	0x0DF0      	RLF        R0, 1
0x00A3	0x1070      	BCF        R0, 0
0x00A4	0x0DF0      	RLF        R0, 1
0x00A5	0x1070      	BCF        R0, 0
0x00A6	0x0870      	MOVF       R0, 0
0x00A7	0x1283      	BCF        STATUS, 5
0x00A8	0x049F      	IORWF      ADCON0, 1
;__Lib_ADC_88X.c,86 :: 		
0x00A9	0x0968      	COMF       _vref_mask, 0
0x00AA	0x00F0      	MOVWF      R0
0x00AB	0x0870      	MOVF       R0, 0
0x00AC	0x1683      	BSF        STATUS, 5
0x00AD	0x059F      	ANDWF      ADCON1, 1
;__Lib_ADC_88X.c,87 :: 		
0x00AE	0x179F      	BSF        ADCON1, 7
;__Lib_ADC_88X.c,90 :: 		
0x00AF	0x1283      	BCF        STATUS, 5
0x00B0	0x141F      	BSF        ADCON0, 0
;__Lib_ADC_88X.c,93 :: 		
0x00B1	0x2014      	CALL       _Delay_22us
;__Lib_ADC_88X.c,96 :: 		
0x00B2	0x149F      	BSF        ADCON0, 1
;__Lib_ADC_88X.c,99 :: 		
L_ADC_Read2:
0x00B3	0x1C9F      	BTFSS      ADCON0, 1
0x00B4	0x28B7      	GOTO       L_ADC_Read3
;__Lib_ADC_88X.c,100 :: 		
0x00B5	0x0000      	NOP
0x00B6	0x28B3      	GOTO       L_ADC_Read2
L_ADC_Read3:
;__Lib_ADC_88X.c,103 :: 		
0x00B7	0x101F      	BCF        ADCON0, 0
;__Lib_ADC_88X.c,106 :: 		
0x00B8	0x081E      	MOVF       ADRESH, 0
0x00B9	0x00F1      	MOVWF      R0+1
0x00BA	0x01F0      	CLRF       R0
0x00BB	0x1683      	BSF        STATUS, 5
0x00BC	0x081E      	MOVF       ADRESL, 0
0x00BD	0x04F0      	IORWF      R0, 1
0x00BE	0x3000      	MOVLW      0
0x00BF	0x04F1      	IORWF      R0+1, 1
;__Lib_ADC_88X.c,107 :: 		
L_end_ADC_Read:
0x00C0	0x0008      	RETURN
; end of _ADC_Read
_UART1_Read:
;__Lib_UART_c67.c,21 :: 		
;__Lib_UART_c67.c,24 :: 		
0x00C1	0x1283      	BCF        STATUS, 5
0x00C2	0x1303      	BCF        STATUS, 6
0x00C3	0x081A      	MOVF       RCREG, 0
0x00C4	0x00F1      	MOVWF      R1
;__Lib_UART_c67.c,25 :: 		
0x00C5	0x1C98      	BTFSS      RCSTA, 1
0x00C6	0x28C9      	GOTO       L_UART1_Read2
;__Lib_UART_c67.c,26 :: 		
0x00C7	0x1218      	BCF        RCSTA, 4
;__Lib_UART_c67.c,27 :: 		
0x00C8	0x1618      	BSF        RCSTA, 4
;__Lib_UART_c67.c,28 :: 		
L_UART1_Read2:
;__Lib_UART_c67.c,29 :: 		
0x00C9	0x0871      	MOVF       R1, 0
0x00CA	0x00F0      	MOVWF      R0
;__Lib_UART_c67.c,30 :: 		
L_end_UART1_Read:
0x00CB	0x0008      	RETURN
; end of _UART1_Read
_Div_16X16_U:
;__Lib_Math.c,215 :: 		
;__Lib_Math.c,222 :: 		
0x00CC	0x1283      	BCF        STATUS, 5
;__Lib_Math.c,223 :: 		
0x00CD	0x1303      	BCF        STATUS, 6
;__Lib_Math.c,224 :: 		
0x00CE	0x01F8      	CLRF       R8
;__Lib_Math.c,225 :: 		
0x00CF	0x01F9      	CLRF       R9
;__Lib_Math.c,226 :: 		
0x00D0	0x3010      	MOVLW      16
;__Lib_Math.c,227 :: 		
0x00D1	0x00FC      	MOVWF      R12
;__Lib_Math.c,228 :: 		
0x00D2	0x0D71      	RLF        R1, 0
;__Lib_Math.c,229 :: 		
0x00D3	0x0DF8      	RLF        R8, 1
;__Lib_Math.c,230 :: 		
0x00D4	0x0DF9      	RLF        R9, 1
;__Lib_Math.c,231 :: 		
0x00D5	0x0874      	MOVF       R4, 0
;__Lib_Math.c,232 :: 		
0x00D6	0x02F8      	SUBWF      R8, 1
;__Lib_Math.c,233 :: 		
0x00D7	0x0875      	MOVF       R5, 0
;__Lib_Math.c,234 :: 		
0x00D8	0x1C03      	BTFSS      STATUS, 0
;__Lib_Math.c,235 :: 		
0x00D9	0x0F75      	INCFSZ     R5, 0
;__Lib_Math.c,236 :: 		
0x00DA	0x02F9      	SUBWF      R9, 1
;__Lib_Math.c,237 :: 		
0x00DB	0x1803      	BTFSC      STATUS, 0
;__Lib_Math.c,238 :: 		
0x00DC	0x28E4      	GOTO       $+8
;__Lib_Math.c,239 :: 		
0x00DD	0x0874      	MOVF       R4, 0
;__Lib_Math.c,240 :: 		
0x00DE	0x07F8      	ADDWF      R8, 1
;__Lib_Math.c,241 :: 		
0x00DF	0x0875      	MOVF       R5, 0
;__Lib_Math.c,242 :: 		
0x00E0	0x1803      	BTFSC      STATUS, 0
;__Lib_Math.c,243 :: 		
0x00E1	0x0F75      	INCFSZ     R5, 0
;__Lib_Math.c,244 :: 		
0x00E2	0x07F9      	ADDWF      R9, 1
;__Lib_Math.c,245 :: 		
0x00E3	0x1003      	BCF        STATUS, 0
;__Lib_Math.c,246 :: 		
0x00E4	0x0DF0      	RLF        R0, 1
;__Lib_Math.c,247 :: 		
0x00E5	0x0DF1      	RLF        R1, 1
;__Lib_Math.c,248 :: 		
0x00E6	0x0BFC      	DECFSZ     R12, 1
;__Lib_Math.c,249 :: 		
0x00E7	0x28D2      	GOTO       $-21
;__Lib_Math.c,251 :: 		
L_end_Div_16X16_U:
0x00E8	0x0008      	RETURN
; end of _Div_16X16_U
_main:
0x00E9	0x233E      	CALL       830
;UART.c,27 :: 		void main()
;UART.c,29 :: 		ADCON1 |= 0x0c;                     // Seta o canal pino AN2 como analógico
0x00EA	0x300C      	MOVLW      12
0x00EB	0x1683      	BSF        STATUS, 5
0x00EC	0x1303      	BCF        STATUS, 6
0x00ED	0x049F      	IORWF      ADCON1, 1
;UART.c,30 :: 		TRISA2_bit = 1;                     // Entrada
0x00EE	0x1505      	BSF        TRISA2_bit, BitPos(TRISA2_bit+0)
;UART.c,31 :: 		TRISA = 0xFF;                       //   input
0x00EF	0x30FF      	MOVLW      255
0x00F0	0x0085      	MOVWF      TRISA
;UART.c,33 :: 		TRISC.f0 = 1;
0x00F1	0x1407      	BSF        TRISC, 0
;UART.c,34 :: 		TRISC.f1 = 1;
0x00F2	0x1487      	BSF        TRISC, 1
;UART.c,35 :: 		TRISD = 0x00;
0x00F3	0x0188      	CLRF       TRISD
;UART.c,36 :: 		PORTD = 0x00;
0x00F4	0x1283      	BCF        STATUS, 5
0x00F5	0x0188      	CLRF       PORTD
;UART.c,37 :: 		UART1_Init(9600);               // Initialize UART module at 9600 bps
0x00F6	0x3067      	MOVLW      103
0x00F7	0x1683      	BSF        STATUS, 5
0x00F8	0x0099      	MOVWF      SPBRG
0x00F9	0x1518      	BSF        TXSTA, 2
0x00FA	0x2027      	CALL       _UART1_Init
;UART.c,38 :: 		Delay_ms(100);                  // Wait for UART module to stabilize
0x00FB	0x3003      	MOVLW      3
0x00FC	0x00FB      	MOVWF      R11
0x00FD	0x3008      	MOVLW      8
0x00FE	0x00FC      	MOVWF      R12
0x00FF	0x3077      	MOVLW      119
0x0100	0x00FD      	MOVWF      R13
L_main0:
0x0101	0x0BFD      	DECFSZ     R13, 1
0x0102	0x2901      	GOTO       L_main0
0x0103	0x0BFC      	DECFSZ     R12, 1
0x0104	0x2901      	GOTO       L_main0
0x0105	0x0BFB      	DECFSZ     R11, 1
0x0106	0x2901      	GOTO       L_main0
;UART.c,40 :: 		UART1_Write_Text("Conectou");
0x0107	0x3033      	MOVLW      ?lstr1_UART
0x0108	0x1683      	BSF        STATUS, 5
0x0109	0x00AE      	MOVWF      FARG_UART1_Write_Text_uart_text
0x010A	0x2037      	CALL       _UART1_Write_Text
;UART.c,41 :: 		UART1_Write(13);           // Comando que pula a linha e visualiza no virtual terminal
0x010B	0x300D      	MOVLW      13
0x010C	0x00B1      	MOVWF      FARG_UART1_Write_data_
0x010D	0x200A      	CALL       _UART1_Write
;UART.c,42 :: 		UART1_Write(10);
0x010E	0x300A      	MOVLW      10
0x010F	0x1683      	BSF        STATUS, 5
0x0110	0x00B1      	MOVWF      FARG_UART1_Write_data_
0x0111	0x200A      	CALL       _UART1_Write
;UART.c,43 :: 		UART1_Write_Text("Sim, perfeitamente");
0x0112	0x3020      	MOVLW      ?lstr2_UART
0x0113	0x1683      	BSF        STATUS, 5
0x0114	0x00AE      	MOVWF      FARG_UART1_Write_Text_uart_text
0x0115	0x2037      	CALL       _UART1_Write_Text
;UART.c,44 :: 		UART1_Write(13);           // Comando que pula a linha e visualiza no virtual terminal
0x0116	0x300D      	MOVLW      13
0x0117	0x00B1      	MOVWF      FARG_UART1_Write_data_
0x0118	0x200A      	CALL       _UART1_Write
;UART.c,45 :: 		UART1_Write(10);
0x0119	0x300A      	MOVLW      10
0x011A	0x1683      	BSF        STATUS, 5
0x011B	0x00B1      	MOVWF      FARG_UART1_Write_data_
0x011C	0x200A      	CALL       _UART1_Write
;UART.c,47 :: 		Portd = 0xff;
0x011D	0x30FF      	MOVLW      255
0x011E	0x0088      	MOVWF      PORTD
;UART.c,49 :: 		while (1)
L_main1:
0x011F	0x1283      	BCF        STATUS, 5
;UART.c,52 :: 		if (~RC0_bit)                 // Tecla 3 do teclado pois 49 é o seu ASCII  troca texto no NEXTION
0x0120	0x1807      	BTFSC      RC0_bit, BitPos(RC0_bit+0)
0x0121	0x2924      	GOTO       L__main24
0x0122	0x1403      	BSF        STATUS, 0
0x0123	0x2925      	GOTO       L__main25
L__main24:
0x0124	0x1003      	BCF        STATUS, 0
L__main25:
0x0125	0x1C03      	BTFSS      STATUS, 0
0x0126	0x2AE9      	GOTO       L_main3
;UART.c,54 :: 		if (UART1_Data_Ready())
0x0127	0x2079      	CALL       _UART1_Data_Ready
0x0128	0x0870      	MOVF       R0, 0
0x0129	0x1903      	BTFSC      STATUS, 2
0x012A	0x29A6      	GOTO       L_main4
;UART.c,57 :: 		uart_rd = UART1_Read();     // read the received data,
0x012B	0x20C1      	CALL       _UART1_Read
0x012C	0x0870      	MOVF       R0, 0
0x012D	0x1683      	BSF        STATUS, 5
0x012E	0x00A2      	MOVWF      _uart_rd
;UART.c,58 :: 		UART1_Write(uart_rd);       // and send data via UART
0x012F	0x0870      	MOVF       R0, 0
0x0130	0x00B1      	MOVWF      FARG_UART1_Write_data_
0x0131	0x200A      	CALL       _UART1_Write
;UART.c,62 :: 		if (uart_rd == 48)           // Tecla 0 do teclado pois 48 é o seu ASCII
0x0132	0x1683      	BSF        STATUS, 5
0x0133	0x0822      	MOVF       _uart_rd, 0
0x0134	0x3A30      	XORLW      48
0x0135	0x1D03      	BTFSS      STATUS, 2
0x0136	0x293A      	GOTO       L_main5
;UART.c,64 :: 		PORTD = 0x01;              // Ligou PortD0
0x0137	0x3001      	MOVLW      1
0x0138	0x1283      	BCF        STATUS, 5
0x0139	0x0088      	MOVWF      PORTD
;UART.c,67 :: 		}
L_main5:
;UART.c,69 :: 		if (uart_rd == 49)           // Tecla 1 do teclado pois 49 é o seu ASCII
0x013A	0x1683      	BSF        STATUS, 5
0x013B	0x0822      	MOVF       _uart_rd, 0
0x013C	0x3A31      	XORLW      49
0x013D	0x1D03      	BTFSS      STATUS, 2
0x013E	0x2942      	GOTO       L_main6
;UART.c,71 :: 		PORTD = 0x02;              // Desligou PortD1
0x013F	0x3002      	MOVLW      2
0x0140	0x1283      	BCF        STATUS, 5
0x0141	0x0088      	MOVWF      PORTD
;UART.c,74 :: 		}
L_main6:
;UART.c,76 :: 		if (uart_rd == 50)           // Tecla 2 do teclado pois 50 é o seu ASCII
0x0142	0x1683      	BSF        STATUS, 5
0x0143	0x0822      	MOVF       _uart_rd, 0
0x0144	0x3A32      	XORLW      50
0x0145	0x1D03      	BTFSS      STATUS, 2
0x0146	0x294A      	GOTO       L_main7
;UART.c,78 :: 		PORTD = 0x04;              // Ligou PortD2
0x0147	0x3004      	MOVLW      4
0x0148	0x1283      	BCF        STATUS, 5
0x0149	0x0088      	MOVWF      PORTD
;UART.c,81 :: 		}
L_main7:
;UART.c,83 :: 		if (uart_rd == 51)           // Tecla 3 do teclado pois 51 é o seu ASCII
0x014A	0x1683      	BSF        STATUS, 5
0x014B	0x0822      	MOVF       _uart_rd, 0
0x014C	0x3A33      	XORLW      51
0x014D	0x1D03      	BTFSS      STATUS, 2
0x014E	0x2952      	GOTO       L_main8
;UART.c,85 :: 		PORTD = 0x08;              // Desligou PortD3
0x014F	0x3008      	MOVLW      8
0x0150	0x1283      	BCF        STATUS, 5
0x0151	0x0088      	MOVWF      PORTD
;UART.c,88 :: 		}
L_main8:
;UART.c,89 :: 		if (uart_rd == 52)           // Tecla 4 do teclado pois 52 é o seu ASCII
0x0152	0x1683      	BSF        STATUS, 5
0x0153	0x0822      	MOVF       _uart_rd, 0
0x0154	0x3A34      	XORLW      52
0x0155	0x1D03      	BTFSS      STATUS, 2
0x0156	0x295A      	GOTO       L_main9
;UART.c,91 :: 		PORTD = 0x10;              // Ligou PortD4
0x0157	0x3010      	MOVLW      16
0x0158	0x1283      	BCF        STATUS, 5
0x0159	0x0088      	MOVWF      PORTD
;UART.c,94 :: 		}
L_main9:
;UART.c,96 :: 		if (uart_rd == 53)           // Tecla 5 do teclado pois 53 é o seu ASCII
0x015A	0x1683      	BSF        STATUS, 5
0x015B	0x0822      	MOVF       _uart_rd, 0
0x015C	0x3A35      	XORLW      53
0x015D	0x1D03      	BTFSS      STATUS, 2
0x015E	0x2962      	GOTO       L_main10
;UART.c,98 :: 		PORTD = 0x20;              // Desligou PortD
0x015F	0x3020      	MOVLW      32
0x0160	0x1283      	BCF        STATUS, 5
0x0161	0x0088      	MOVWF      PORTD
;UART.c,101 :: 		}
L_main10:
;UART.c,102 :: 		if (uart_rd == 54)           // Tecla 6 do teclado pois 54 é o seu ASCII
0x0162	0x1683      	BSF        STATUS, 5
0x0163	0x0822      	MOVF       _uart_rd, 0
0x0164	0x3A36      	XORLW      54
0x0165	0x1D03      	BTFSS      STATUS, 2
0x0166	0x296A      	GOTO       L_main11
;UART.c,104 :: 		PORTD = 0x40;              // Ligou PortD
0x0167	0x3040      	MOVLW      64
0x0168	0x1283      	BCF        STATUS, 5
0x0169	0x0088      	MOVWF      PORTD
;UART.c,107 :: 		}
L_main11:
;UART.c,109 :: 		if (uart_rd == 55)           // Tecla 7 do teclado pois 55 é o seu ASCII
0x016A	0x1683      	BSF        STATUS, 5
0x016B	0x0822      	MOVF       _uart_rd, 0
0x016C	0x3A37      	XORLW      55
0x016D	0x1D03      	BTFSS      STATUS, 2
0x016E	0x2972      	GOTO       L_main12
;UART.c,111 :: 		PORTD = 0x80;              // Desligou PortD
0x016F	0x3080      	MOVLW      128
0x0170	0x1283      	BCF        STATUS, 5
0x0171	0x0088      	MOVWF      PORTD
;UART.c,114 :: 		}
L_main12:
;UART.c,116 :: 		if (uart_rd == 76)           // Tecla L do teclado pois 76 é o seu ASCII
0x0172	0x1683      	BSF        STATUS, 5
0x0173	0x0822      	MOVF       _uart_rd, 0
0x0174	0x3A4C      	XORLW      76
0x0175	0x1D03      	BTFSS      STATUS, 2
0x0176	0x297A      	GOTO       L_main13
;UART.c,118 :: 		PORTD = 0xFF;              // Desligou PortD
0x0177	0x30FF      	MOVLW      255
0x0178	0x1283      	BCF        STATUS, 5
0x0179	0x0088      	MOVWF      PORTD
;UART.c,121 :: 		}
L_main13:
;UART.c,122 :: 		if (uart_rd == 68)           // Tecla D do teclado pois 68 é o seu ASCII
0x017A	0x1683      	BSF        STATUS, 5
0x017B	0x0822      	MOVF       _uart_rd, 0
0x017C	0x3A44      	XORLW      68
0x017D	0x1D03      	BTFSS      STATUS, 2
0x017E	0x2981      	GOTO       L_main14
;UART.c,124 :: 		PORTD = 0x00;              // Ligou PortD
0x017F	0x1283      	BCF        STATUS, 5
0x0180	0x0188      	CLRF       PORTD
;UART.c,127 :: 		}
L_main14:
;UART.c,129 :: 		if (uart_rd == 73)           // Tecla I do teclado pois 73 é o seu ASCII
0x0181	0x1683      	BSF        STATUS, 5
0x0182	0x0822      	MOVF       _uart_rd, 0
0x0183	0x3A49      	XORLW      73
0x0184	0x1D03      	BTFSS      STATUS, 2
0x0185	0x2988      	GOTO       L_main15
;UART.c,131 :: 		PORTD = ~PORTD;            // Desligou PortD
0x0186	0x1283      	BCF        STATUS, 5
0x0187	0x0988      	COMF       PORTD, 1
;UART.c,134 :: 		}
L_main15:
;UART.c,135 :: 		if (uart_rd == 65)           // Tecla A do teclado pois 65 é o seu ASCII
0x0188	0x1683      	BSF        STATUS, 5
0x0189	0x0822      	MOVF       _uart_rd, 0
0x018A	0x3A41      	XORLW      65
0x018B	0x1D03      	BTFSS      STATUS, 2
0x018C	0x2990      	GOTO       L_main16
;UART.c,137 :: 		PORTD = 0xAA;              // Ligou PortD
0x018D	0x30AA      	MOVLW      170
0x018E	0x1283      	BCF        STATUS, 5
0x018F	0x0088      	MOVWF      PORTD
;UART.c,140 :: 		}
L_main16:
;UART.c,142 :: 		if (uart_rd == 69)           // Tecla E do teclado pois 69 é o seu ASCII
0x0190	0x1683      	BSF        STATUS, 5
0x0191	0x0822      	MOVF       _uart_rd, 0
0x0192	0x3A45      	XORLW      69
0x0193	0x1D03      	BTFSS      STATUS, 2
0x0194	0x2998      	GOTO       L_main17
;UART.c,144 :: 		PORTD = 0x55;              // Desligou PortD
0x0195	0x3055      	MOVLW      85
0x0196	0x1283      	BCF        STATUS, 5
0x0197	0x0088      	MOVWF      PORTD
;UART.c,147 :: 		}
L_main17:
;UART.c,149 :: 		delay_ms(500);
0x0198	0x300B      	MOVLW      11
0x0199	0x00FB      	MOVWF      R11
0x019A	0x3026      	MOVLW      38
0x019B	0x00FC      	MOVWF      R12
0x019C	0x305D      	MOVLW      93
0x019D	0x00FD      	MOVWF      R13
L_main18:
0x019E	0x0BFD      	DECFSZ     R13, 1
0x019F	0x299E      	GOTO       L_main18
0x01A0	0x0BFC      	DECFSZ     R12, 1
0x01A1	0x299E      	GOTO       L_main18
0x01A2	0x0BFB      	DECFSZ     R11, 1
0x01A3	0x299E      	GOTO       L_main18
0x01A4	0x0000      	NOP
0x01A5	0x0000      	NOP
;UART.c,150 :: 		}  // Fim  do IF UART1_Data_Ready()
L_main4:
0x01A6	0x1283      	BCF        STATUS, 5
;UART.c,152 :: 		if (RC2_bit)
0x01A7	0x1D07      	BTFSS      RC2_bit, BitPos(RC2_bit+0)
0x01A8	0x2A14      	GOTO       L_main19
;UART.c,155 :: 		UART1_Write_Text("ti.txt=");
0x01A9	0x3054      	MOVLW      ?lstr3_UART
0x01AA	0x1683      	BSF        STATUS, 5
0x01AB	0x00AE      	MOVWF      FARG_UART1_Write_Text_uart_text
0x01AC	0x2037      	CALL       _UART1_Write_Text
;UART.c,156 :: 		UART1_Write_Text("\"");
0x01AD	0x305C      	MOVLW      ?lstr4_UART
0x01AE	0x00AE      	MOVWF      FARG_UART1_Write_Text_uart_text
0x01AF	0x2037      	CALL       _UART1_Write_Text
;UART.c,157 :: 		UART1_Write_Text("Nextion");
0x01B0	0x3060      	MOVLW      ?lstr5_UART
0x01B1	0x00AE      	MOVWF      FARG_UART1_Write_Text_uart_text
0x01B2	0x2037      	CALL       _UART1_Write_Text
;UART.c,158 :: 		UART1_Write_Text("\"");
0x01B3	0x305E      	MOVLW      ?lstr6_UART
0x01B4	0x00AE      	MOVWF      FARG_UART1_Write_Text_uart_text
0x01B5	0x2037      	CALL       _UART1_Write_Text
;UART.c,162 :: 		uart1_write_text("ÿÿÿ");
0x01B6	0x3048      	MOVLW      ?lstr7_UART
0x01B7	0x00AE      	MOVWF      FARG_UART1_Write_Text_uart_text
0x01B8	0x2037      	CALL       _UART1_Write_Text
;UART.c,167 :: 		UART1_Write_Text("d0.txt=");
0x01B9	0x3040      	MOVLW      ?lstr8_UART
0x01BA	0x00AE      	MOVWF      FARG_UART1_Write_Text_uart_text
0x01BB	0x2037      	CALL       _UART1_Write_Text
;UART.c,168 :: 		UART1_Write_Text("\"");
0x01BC	0x304C      	MOVLW      ?lstr9_UART
0x01BD	0x00AE      	MOVWF      FARG_UART1_Write_Text_uart_text
0x01BE	0x2037      	CALL       _UART1_Write_Text
;UART.c,169 :: 		uart1_Write(48+PORTD.f0);
0x01BF	0x01F0      	CLRF       R0
0x01C0	0x1283      	BCF        STATUS, 5
0x01C1	0x1808      	BTFSC      PORTD, 0
0x01C2	0x0AF0      	INCF       R0, 1
0x01C3	0x0870      	MOVF       R0, 0
0x01C4	0x3E30      	ADDLW      48
0x01C5	0x1683      	BSF        STATUS, 5
0x01C6	0x00B1      	MOVWF      FARG_UART1_Write_data_
0x01C7	0x200A      	CALL       _UART1_Write
;UART.c,170 :: 		uart1_Write(48+PORTD.f1);
0x01C8	0x01F0      	CLRF       R0
0x01C9	0x1888      	BTFSC      PORTD, 1
0x01CA	0x0AF0      	INCF       R0, 1
0x01CB	0x0870      	MOVF       R0, 0
0x01CC	0x3E30      	ADDLW      48
0x01CD	0x1683      	BSF        STATUS, 5
0x01CE	0x00B1      	MOVWF      FARG_UART1_Write_data_
0x01CF	0x200A      	CALL       _UART1_Write
;UART.c,171 :: 		uart1_Write(48+PORTD.f2);
0x01D0	0x01F0      	CLRF       R0
0x01D1	0x1908      	BTFSC      PORTD, 2
0x01D2	0x0AF0      	INCF       R0, 1
0x01D3	0x0870      	MOVF       R0, 0
0x01D4	0x3E30      	ADDLW      48
0x01D5	0x1683      	BSF        STATUS, 5
0x01D6	0x00B1      	MOVWF      FARG_UART1_Write_data_
0x01D7	0x200A      	CALL       _UART1_Write
;UART.c,172 :: 		uart1_Write(48+PORTD.f3);
0x01D8	0x01F0      	CLRF       R0
0x01D9	0x1988      	BTFSC      PORTD, 3
0x01DA	0x0AF0      	INCF       R0, 1
0x01DB	0x0870      	MOVF       R0, 0
0x01DC	0x3E30      	ADDLW      48
0x01DD	0x1683      	BSF        STATUS, 5
0x01DE	0x00B1      	MOVWF      FARG_UART1_Write_data_
0x01DF	0x200A      	CALL       _UART1_Write
;UART.c,173 :: 		uart1_Write(48+PORTD.f4);
0x01E0	0x01F0      	CLRF       R0
0x01E1	0x1A08      	BTFSC      PORTD, 4
0x01E2	0x0AF0      	INCF       R0, 1
0x01E3	0x0870      	MOVF       R0, 0
0x01E4	0x3E30      	ADDLW      48
0x01E5	0x1683      	BSF        STATUS, 5
0x01E6	0x00B1      	MOVWF      FARG_UART1_Write_data_
0x01E7	0x200A      	CALL       _UART1_Write
;UART.c,174 :: 		uart1_Write(48+PORTD.f5);
0x01E8	0x01F0      	CLRF       R0
0x01E9	0x1A88      	BTFSC      PORTD, 5
0x01EA	0x0AF0      	INCF       R0, 1
0x01EB	0x0870      	MOVF       R0, 0
0x01EC	0x3E30      	ADDLW      48
0x01ED	0x1683      	BSF        STATUS, 5
0x01EE	0x00B1      	MOVWF      FARG_UART1_Write_data_
0x01EF	0x200A      	CALL       _UART1_Write
;UART.c,175 :: 		uart1_Write(48+PORTD.f6);
0x01F0	0x01F0      	CLRF       R0
0x01F1	0x1B08      	BTFSC      PORTD, 6
0x01F2	0x0AF0      	INCF       R0, 1
0x01F3	0x0870      	MOVF       R0, 0
0x01F4	0x3E30      	ADDLW      48
0x01F5	0x1683      	BSF        STATUS, 5
0x01F6	0x00B1      	MOVWF      FARG_UART1_Write_data_
0x01F7	0x200A      	CALL       _UART1_Write
;UART.c,176 :: 		uart1_Write(48+PORTD.f7);
0x01F8	0x01F0      	CLRF       R0
0x01F9	0x1B88      	BTFSC      PORTD, 7
0x01FA	0x0AF0      	INCF       R0, 1
0x01FB	0x0870      	MOVF       R0, 0
0x01FC	0x3E30      	ADDLW      48
0x01FD	0x1683      	BSF        STATUS, 5
0x01FE	0x00B1      	MOVWF      FARG_UART1_Write_data_
0x01FF	0x200A      	CALL       _UART1_Write
;UART.c,177 :: 		UART1_Write_Text("\"");
0x0200	0x3052      	MOVLW      ?lstr10_UART
0x0201	0x1683      	BSF        STATUS, 5
0x0202	0x00AE      	MOVWF      FARG_UART1_Write_Text_uart_text
0x0203	0x2037      	CALL       _UART1_Write_Text
;UART.c,181 :: 		uart1_write_text("ÿÿÿ");
0x0204	0x304E      	MOVLW      ?lstr11_UART
0x0205	0x00AE      	MOVWF      FARG_UART1_Write_Text_uart_text
0x0206	0x2037      	CALL       _UART1_Write_Text
;UART.c,185 :: 		delay_ms(1000);
0x0207	0x3015      	MOVLW      21
0x0208	0x00FB      	MOVWF      R11
0x0209	0x304B      	MOVLW      75
0x020A	0x00FC      	MOVWF      R12
0x020B	0x30BE      	MOVLW      190
0x020C	0x00FD      	MOVWF      R13
L_main20:
0x020D	0x0BFD      	DECFSZ     R13, 1
0x020E	0x2A0D      	GOTO       L_main20
0x020F	0x0BFC      	DECFSZ     R12, 1
0x0210	0x2A0D      	GOTO       L_main20
0x0211	0x0BFB      	DECFSZ     R11, 1
0x0212	0x2A0D      	GOTO       L_main20
0x0213	0x0000      	NOP
;UART.c,186 :: 		}
L_main19:
;UART.c,188 :: 		if (RC1_bit)                 // Tecla 3 do teclado pois 49 é o seu ASCII  troca texto no NEXTION
0x0214	0x1283      	BCF        STATUS, 5
0x0215	0x1C87      	BTFSS      RC1_bit, BitPos(RC1_bit+0)
0x0216	0x2AE9      	GOTO       L_main21
;UART.c,190 :: 		uart1_write_text("D");
0x0217	0x303E      	MOVLW      ?lstr12_UART
0x0218	0x1683      	BSF        STATUS, 5
0x0219	0x00AE      	MOVWF      FARG_UART1_Write_Text_uart_text
0x021A	0x2037      	CALL       _UART1_Write_Text
;UART.c,192 :: 		uart1_Write(48+PORTD.f0);
0x021B	0x01F0      	CLRF       R0
0x021C	0x1283      	BCF        STATUS, 5
0x021D	0x1808      	BTFSC      PORTD, 0
0x021E	0x0AF0      	INCF       R0, 1
0x021F	0x0870      	MOVF       R0, 0
0x0220	0x3E30      	ADDLW      48
0x0221	0x1683      	BSF        STATUS, 5
0x0222	0x00B1      	MOVWF      FARG_UART1_Write_data_
0x0223	0x200A      	CALL       _UART1_Write
;UART.c,193 :: 		uart1_Write(48+PORTD.f1);
0x0224	0x01F0      	CLRF       R0
0x0225	0x1888      	BTFSC      PORTD, 1
0x0226	0x0AF0      	INCF       R0, 1
0x0227	0x0870      	MOVF       R0, 0
0x0228	0x3E30      	ADDLW      48
0x0229	0x1683      	BSF        STATUS, 5
0x022A	0x00B1      	MOVWF      FARG_UART1_Write_data_
0x022B	0x200A      	CALL       _UART1_Write
;UART.c,194 :: 		uart1_Write(48+PORTD.f2);
0x022C	0x01F0      	CLRF       R0
0x022D	0x1908      	BTFSC      PORTD, 2
0x022E	0x0AF0      	INCF       R0, 1
0x022F	0x0870      	MOVF       R0, 0
0x0230	0x3E30      	ADDLW      48
0x0231	0x1683      	BSF        STATUS, 5
0x0232	0x00B1      	MOVWF      FARG_UART1_Write_data_
0x0233	0x200A      	CALL       _UART1_Write
;UART.c,195 :: 		uart1_Write(48+PORTD.f3);
0x0234	0x01F0      	CLRF       R0
0x0235	0x1988      	BTFSC      PORTD, 3
0x0236	0x0AF0      	INCF       R0, 1
0x0237	0x0870      	MOVF       R0, 0
0x0238	0x3E30      	ADDLW      48
0x0239	0x1683      	BSF        STATUS, 5
0x023A	0x00B1      	MOVWF      FARG_UART1_Write_data_
0x023B	0x200A      	CALL       _UART1_Write
;UART.c,196 :: 		uart1_Write(48+PORTD.f4);
0x023C	0x01F0      	CLRF       R0
0x023D	0x1A08      	BTFSC      PORTD, 4
0x023E	0x0AF0      	INCF       R0, 1
0x023F	0x0870      	MOVF       R0, 0
0x0240	0x3E30      	ADDLW      48
0x0241	0x1683      	BSF        STATUS, 5
0x0242	0x00B1      	MOVWF      FARG_UART1_Write_data_
0x0243	0x200A      	CALL       _UART1_Write
;UART.c,197 :: 		uart1_Write(48+PORTD.f5);
0x0244	0x01F0      	CLRF       R0
0x0245	0x1A88      	BTFSC      PORTD, 5
0x0246	0x0AF0      	INCF       R0, 1
0x0247	0x0870      	MOVF       R0, 0
0x0248	0x3E30      	ADDLW      48
0x0249	0x1683      	BSF        STATUS, 5
0x024A	0x00B1      	MOVWF      FARG_UART1_Write_data_
0x024B	0x200A      	CALL       _UART1_Write
;UART.c,198 :: 		uart1_Write(48+PORTD.f6);
0x024C	0x01F0      	CLRF       R0
0x024D	0x1B08      	BTFSC      PORTD, 6
0x024E	0x0AF0      	INCF       R0, 1
0x024F	0x0870      	MOVF       R0, 0
0x0250	0x3E30      	ADDLW      48
0x0251	0x1683      	BSF        STATUS, 5
0x0252	0x00B1      	MOVWF      FARG_UART1_Write_data_
0x0253	0x200A      	CALL       _UART1_Write
;UART.c,199 :: 		uart1_Write(48+PORTD.f7);
0x0254	0x01F0      	CLRF       R0
0x0255	0x1B88      	BTFSC      PORTD, 7
0x0256	0x0AF0      	INCF       R0, 1
0x0257	0x0870      	MOVF       R0, 0
0x0258	0x3E30      	ADDLW      48
0x0259	0x1683      	BSF        STATUS, 5
0x025A	0x00B1      	MOVWF      FARG_UART1_Write_data_
0x025B	0x200A      	CALL       _UART1_Write
;UART.c,201 :: 		uart1_Write_text(" ");
0x025C	0x303C      	MOVLW      ?lstr13_UART
0x025D	0x1683      	BSF        STATUS, 5
0x025E	0x00AE      	MOVWF      FARG_UART1_Write_Text_uart_text
0x025F	0x2037      	CALL       _UART1_Write_Text
;UART.c,203 :: 		Adc_rd = ADC_Read(2);            // Lê o valor de tensão em AN2  de 0 a 1023 total 1024
0x0260	0x3002      	MOVLW      2
0x0261	0x00AE      	MOVWF      FARG_ADC_Read_channel
0x0262	0x2099      	CALL       _ADC_Read
0x0263	0x0870      	MOVF       R0, 0
0x0264	0x00AC      	MOVWF      FLOC__main+6
0x0265	0x0871      	MOVF       R0+1, 0
0x0266	0x00AD      	MOVWF      FLOC__main+7
0x0267	0x082C      	MOVF       FLOC__main+6, 0
0x0268	0x00A0      	MOVWF      _Adc_rd
0x0269	0x082D      	MOVF       FLOC__main+7, 0
0x026A	0x00A1      	MOVWF      _Adc_rd+1
;UART.c,204 :: 		D1 = Adc_rd / 1000;                         // MSD digit Milhar
0x026B	0x30E8      	MOVLW      232
0x026C	0x00F4      	MOVWF      R4
0x026D	0x3003      	MOVLW      3
0x026E	0x00F5      	MOVWF      R4+1
0x026F	0x082C      	MOVF       FLOC__main+6, 0
0x0270	0x00F0      	MOVWF      R0
0x0271	0x082D      	MOVF       FLOC__main+7, 0
0x0272	0x00F1      	MOVWF      R0+1
0x0273	0x20CC      	CALL       _Div_16X16_U
0x0274	0x0870      	MOVF       R0, 0
0x0275	0x00EF      	MOVWF      _D1
;UART.c,205 :: 		D2 = (Adc_rd - D1*1000) / 100;              //   digit Centena
0x0276	0x3000      	MOVLW      0
0x0277	0x00F1      	MOVWF      R0+1
0x0278	0x30E8      	MOVLW      232
0x0279	0x00F4      	MOVWF      R4
0x027A	0x3003      	MOVLW      3
0x027B	0x00F5      	MOVWF      R4+1
0x027C	0x204E      	CALL       _Mul_16X16_U
0x027D	0x0870      	MOVF       R0, 0
0x027E	0x1683      	BSF        STATUS, 5
0x027F	0x00AA      	MOVWF      FLOC__main+4
0x0280	0x0871      	MOVF       R0+1, 0
0x0281	0x00AB      	MOVWF      FLOC__main+5
0x0282	0x082A      	MOVF       FLOC__main+4, 0
0x0283	0x022C      	SUBWF      FLOC__main+6, 0
0x0284	0x00F0      	MOVWF      R0
0x0285	0x082B      	MOVF       FLOC__main+5, 0
0x0286	0x1C03      	BTFSS      STATUS, 0
0x0287	0x3E01      	ADDLW      1
0x0288	0x022D      	SUBWF      FLOC__main+7, 0
0x0289	0x00F1      	MOVWF      R0+1
0x028A	0x3064      	MOVLW      100
0x028B	0x00F4      	MOVWF      R4
0x028C	0x3000      	MOVLW      0
0x028D	0x00F5      	MOVWF      R4+1
0x028E	0x20CC      	CALL       _Div_16X16_U
0x028F	0x0870      	MOVF       R0, 0
0x0290	0x00ED      	MOVWF      _D2
;UART.c,206 :: 		D3 = (Adc_rd - D1*1000 - D2*100) / 10;      //   digit Dezena
0x0291	0x1683      	BSF        STATUS, 5
0x0292	0x082A      	MOVF       FLOC__main+4, 0
0x0293	0x00F2      	MOVWF      R2
0x0294	0x01F3      	CLRF       R2+1
0x0295	0x0872      	MOVF       R2, 0
0x0296	0x022C      	SUBWF      FLOC__main+6, 0
0x0297	0x00A8      	MOVWF      FLOC__main+2
0x0298	0x0873      	MOVF       R2+1, 0
0x0299	0x1C03      	BTFSS      STATUS, 0
0x029A	0x3E01      	ADDLW      1
0x029B	0x022D      	SUBWF      FLOC__main+7, 0
0x029C	0x00A9      	MOVWF      FLOC__main+3
0x029D	0x3064      	MOVLW      100
0x029E	0x00F4      	MOVWF      R4
0x029F	0x2080      	CALL       _Mul_8X8_U
0x02A0	0x0870      	MOVF       R0, 0
0x02A1	0x1683      	BSF        STATUS, 5
0x02A2	0x00A6      	MOVWF      FLOC__main
0x02A3	0x0871      	MOVF       R0+1, 0
0x02A4	0x00A7      	MOVWF      FLOC__main+1
0x02A5	0x0826      	MOVF       FLOC__main, 0
0x02A6	0x0228      	SUBWF      FLOC__main+2, 0
0x02A7	0x00F0      	MOVWF      R0
0x02A8	0x0827      	MOVF       FLOC__main+1, 0
0x02A9	0x1C03      	BTFSS      STATUS, 0
0x02AA	0x3E01      	ADDLW      1
0x02AB	0x0229      	SUBWF      FLOC__main+3, 0
0x02AC	0x00F1      	MOVWF      R0+1
0x02AD	0x300A      	MOVLW      10
0x02AE	0x00F4      	MOVWF      R4
0x02AF	0x3000      	MOVLW      0
0x02B0	0x00F5      	MOVWF      R4+1
0x02B1	0x20CC      	CALL       _Div_16X16_U
0x02B2	0x0870      	MOVF       R0, 0
0x02B3	0x00EE      	MOVWF      _D3
;UART.c,207 :: 		D4 = (Adc_rd - D1*1000 - D2*100 - D3*10);   // LSD digit Unidade
0x02B4	0x1683      	BSF        STATUS, 5
0x02B5	0x082A      	MOVF       FLOC__main+4, 0
0x02B6	0x022C      	SUBWF      FLOC__main+6, 0
0x02B7	0x00A3      	MOVWF      _D4
0x02B8	0x0826      	MOVF       FLOC__main, 0
0x02B9	0x02A3      	SUBWF      _D4, 1
0x02BA	0x300A      	MOVLW      10
0x02BB	0x00F4      	MOVWF      R4
0x02BC	0x2080      	CALL       _Mul_8X8_U
0x02BD	0x0870      	MOVF       R0, 0
0x02BE	0x1683      	BSF        STATUS, 5
0x02BF	0x02A3      	SUBWF      _D4, 1
;UART.c,209 :: 		uart1_write_text("A");
0x02C0	0x3069      	MOVLW      ?lstr14_UART
0x02C1	0x00AE      	MOVWF      FARG_UART1_Write_Text_uart_text
0x02C2	0x2037      	CALL       _UART1_Write_Text
;UART.c,210 :: 		UART1_Write(48+D1);
0x02C3	0x1283      	BCF        STATUS, 5
0x02C4	0x086F      	MOVF       _D1, 0
0x02C5	0x3E30      	ADDLW      48
0x02C6	0x1683      	BSF        STATUS, 5
0x02C7	0x00B1      	MOVWF      FARG_UART1_Write_data_
0x02C8	0x200A      	CALL       _UART1_Write
;UART.c,211 :: 		UART1_Write(48+D2);
0x02C9	0x086D      	MOVF       _D2, 0
0x02CA	0x3E30      	ADDLW      48
0x02CB	0x1683      	BSF        STATUS, 5
0x02CC	0x00B1      	MOVWF      FARG_UART1_Write_data_
0x02CD	0x200A      	CALL       _UART1_Write
;UART.c,212 :: 		UART1_Write(48+D3);
0x02CE	0x086E      	MOVF       _D3, 0
0x02CF	0x3E30      	ADDLW      48
0x02D0	0x1683      	BSF        STATUS, 5
0x02D1	0x00B1      	MOVWF      FARG_UART1_Write_data_
0x02D2	0x200A      	CALL       _UART1_Write
;UART.c,213 :: 		UART1_Write(48+D4);
0x02D3	0x1683      	BSF        STATUS, 5
0x02D4	0x0823      	MOVF       _D4, 0
0x02D5	0x3E30      	ADDLW      48
0x02D6	0x00B1      	MOVWF      FARG_UART1_Write_data_
0x02D7	0x200A      	CALL       _UART1_Write
;UART.c,215 :: 		uart1_Write_text(" ");
0x02D8	0x306B      	MOVLW      ?lstr15_UART
0x02D9	0x1683      	BSF        STATUS, 5
0x02DA	0x00AE      	MOVWF      FARG_UART1_Write_Text_uart_text
0x02DB	0x2037      	CALL       _UART1_Write_Text
;UART.c,217 :: 		delay_ms(1000);
0x02DC	0x3015      	MOVLW      21
0x02DD	0x00FB      	MOVWF      R11
0x02DE	0x304B      	MOVLW      75
0x02DF	0x00FC      	MOVWF      R12
0x02E0	0x30BE      	MOVLW      190
0x02E1	0x00FD      	MOVWF      R13
L_main22:
0x02E2	0x0BFD      	DECFSZ     R13, 1
0x02E3	0x2AE2      	GOTO       L_main22
0x02E4	0x0BFC      	DECFSZ     R12, 1
0x02E5	0x2AE2      	GOTO       L_main22
0x02E6	0x0BFB      	DECFSZ     R11, 1
0x02E7	0x2AE2      	GOTO       L_main22
0x02E8	0x0000      	NOP
;UART.c,218 :: 		}
L_main21:
;UART.c,219 :: 		}        // Fim do loop infinito
L_main3:
;UART.c,220 :: 		}
0x02E9	0x291F      	GOTO       L_main1
;UART.c,221 :: 		}
L_end_main:
0x02EA	0x2AEA      	GOTO       $+0
; end of _main
0x033E	0x3020      	MOVLW      32
0x033F	0x0084      	MOVWF      FSR
0x0340	0x304D      	MOVLW      77
0x0341	0x1283      	BCF        STATUS, 5
0x0342	0x1303      	BCF        STATUS, 6
0x0343	0x00F0      	MOVWF      R0
0x0344	0x30F0      	MOVLW      240
0x0345	0x1683      	BSF        STATUS, 5
0x0346	0x00A4      	MOVWF      ___DoICPAddr
0x0347	0x3002      	MOVLW      2
0x0348	0x00A5      	MOVWF      165
0x0349	0x201B      	CALL       27
0x034A	0x0008      	RETURN
;UART.c,0 :: ?ICS?lstr2_UART
0x02F0	0x3453 ;?ICS?lstr2_UART+0
0x02F1	0x3469 ;?ICS?lstr2_UART+1
0x02F2	0x346D ;?ICS?lstr2_UART+2
0x02F3	0x342C ;?ICS?lstr2_UART+3
0x02F4	0x3420 ;?ICS?lstr2_UART+4
0x02F5	0x3470 ;?ICS?lstr2_UART+5
0x02F6	0x3465 ;?ICS?lstr2_UART+6
0x02F7	0x3472 ;?ICS?lstr2_UART+7
0x02F8	0x3466 ;?ICS?lstr2_UART+8
0x02F9	0x3465 ;?ICS?lstr2_UART+9
0x02FA	0x3469 ;?ICS?lstr2_UART+10
0x02FB	0x3474 ;?ICS?lstr2_UART+11
0x02FC	0x3461 ;?ICS?lstr2_UART+12
0x02FD	0x346D ;?ICS?lstr2_UART+13
0x02FE	0x3465 ;?ICS?lstr2_UART+14
0x02FF	0x346E ;?ICS?lstr2_UART+15
0x0300	0x3474 ;?ICS?lstr2_UART+16
0x0301	0x3465 ;?ICS?lstr2_UART+17
0x0302	0x3400 ;?ICS?lstr2_UART+18
; end of ?ICS?lstr2_UART
;UART.c,0 :: ?ICS?lstr1_UART
0x0303	0x3443 ;?ICS?lstr1_UART+0
0x0304	0x346F ;?ICS?lstr1_UART+1
0x0305	0x346E ;?ICS?lstr1_UART+2
0x0306	0x3465 ;?ICS?lstr1_UART+3
0x0307	0x3463 ;?ICS?lstr1_UART+4
0x0308	0x3474 ;?ICS?lstr1_UART+5
0x0309	0x346F ;?ICS?lstr1_UART+6
0x030A	0x3475 ;?ICS?lstr1_UART+7
0x030B	0x3400 ;?ICS?lstr1_UART+8
; end of ?ICS?lstr1_UART
;UART.c,0 :: ?ICS?lstr13_UART
0x030C	0x3420 ;?ICS?lstr13_UART+0
0x030D	0x3400 ;?ICS?lstr13_UART+1
; end of ?ICS?lstr13_UART
;UART.c,0 :: ?ICS?lstr12_UART
0x030E	0x3444 ;?ICS?lstr12_UART+0
0x030F	0x3400 ;?ICS?lstr12_UART+1
; end of ?ICS?lstr12_UART
;UART.c,0 :: ?ICS?lstr8_UART
0x0310	0x3464 ;?ICS?lstr8_UART+0
0x0311	0x3430 ;?ICS?lstr8_UART+1
0x0312	0x342E ;?ICS?lstr8_UART+2
0x0313	0x3474 ;?ICS?lstr8_UART+3
0x0314	0x3478 ;?ICS?lstr8_UART+4
0x0315	0x3474 ;?ICS?lstr8_UART+5
0x0316	0x343D ;?ICS?lstr8_UART+6
0x0317	0x3400 ;?ICS?lstr8_UART+7
; end of ?ICS?lstr8_UART
;UART.c,0 :: ?ICS?lstr7_UART
0x0318	0x34FF ;?ICS?lstr7_UART+0
0x0319	0x34FF ;?ICS?lstr7_UART+1
0x031A	0x34FF ;?ICS?lstr7_UART+2
0x031B	0x3400 ;?ICS?lstr7_UART+3
; end of ?ICS?lstr7_UART
;UART.c,0 :: ?ICS?lstr9_UART
0x031C	0x3422 ;?ICS?lstr9_UART+0
0x031D	0x3400 ;?ICS?lstr9_UART+1
; end of ?ICS?lstr9_UART
;UART.c,0 :: ?ICS?lstr11_UART
0x031E	0x34FF ;?ICS?lstr11_UART+0
0x031F	0x34FF ;?ICS?lstr11_UART+1
0x0320	0x34FF ;?ICS?lstr11_UART+2
0x0321	0x3400 ;?ICS?lstr11_UART+3
; end of ?ICS?lstr11_UART
;UART.c,0 :: ?ICS?lstr10_UART
0x0322	0x3422 ;?ICS?lstr10_UART+0
0x0323	0x3400 ;?ICS?lstr10_UART+1
; end of ?ICS?lstr10_UART
;UART.c,0 :: ?ICS?lstr3_UART
0x0324	0x3474 ;?ICS?lstr3_UART+0
0x0325	0x3469 ;?ICS?lstr3_UART+1
0x0326	0x342E ;?ICS?lstr3_UART+2
0x0327	0x3474 ;?ICS?lstr3_UART+3
0x0328	0x3478 ;?ICS?lstr3_UART+4
0x0329	0x3474 ;?ICS?lstr3_UART+5
0x032A	0x343D ;?ICS?lstr3_UART+6
0x032B	0x3400 ;?ICS?lstr3_UART+7
; end of ?ICS?lstr3_UART
;UART.c,0 :: ?ICS?lstr4_UART
0x032C	0x3422 ;?ICS?lstr4_UART+0
0x032D	0x3400 ;?ICS?lstr4_UART+1
; end of ?ICS?lstr4_UART
;UART.c,0 :: ?ICS?lstr6_UART
0x032E	0x3422 ;?ICS?lstr6_UART+0
0x032F	0x3400 ;?ICS?lstr6_UART+1
; end of ?ICS?lstr6_UART
;UART.c,0 :: ?ICS?lstr5_UART
0x0330	0x344E ;?ICS?lstr5_UART+0
0x0331	0x3465 ;?ICS?lstr5_UART+1
0x0332	0x3478 ;?ICS?lstr5_UART+2
0x0333	0x3474 ;?ICS?lstr5_UART+3
0x0334	0x3469 ;?ICS?lstr5_UART+4
0x0335	0x346F ;?ICS?lstr5_UART+5
0x0336	0x346E ;?ICS?lstr5_UART+6
0x0337	0x3400 ;?ICS?lstr5_UART+7
; end of ?ICS?lstr5_UART
;__Lib_ADC_88X.c,0 :: ?ICS_vref_mask
0x0338	0x3430 ;?ICS_vref_mask+0
; end of ?ICS_vref_mask
;UART.c,0 :: ?ICS?lstr14_UART
0x0339	0x3441 ;?ICS?lstr14_UART+0
0x033A	0x3400 ;?ICS?lstr14_UART+1
; end of ?ICS?lstr14_UART
;UART.c,0 :: ?ICS?lstr15_UART
0x033B	0x3420 ;?ICS?lstr15_UART+0
0x033C	0x3400 ;?ICS?lstr15_UART+1
; end of ?ICS?lstr15_UART
Symbol List:
//** Routines locations **
//ADDRESS    SIZE    PROCEDURE
//----------------------------------------------
0x0003       [7]    _____DoICP
0x000A      [10]    _UART1_Write
0x0014       [7]    _Delay_22us
0x001B      [12]    ___CC2DW
0x0027      [16]    _UART1_Init
0x0037      [23]    _UART1_Write_Text
0x004E      [43]    _Mul_16X16_U
0x0079       [7]    _UART1_Data_Ready
0x0080      [25]    _Mul_8X8_U
0x0099      [40]    _ADC_Read
0x00C1      [11]    _UART1_Read
0x00CC      [29]    _Div_16X16_U
0x00E9     [513]    _main
//** Variables locations ** 
//ADDRESS    SIZE    VARIABLE
//----------------------------------------------
0x0000       [1]    INDF
0x0002       [1]    PCL
0x0003       [1]    STATUS
0x0004       [1]    FSR
0x0007       [0]    RC1_bit
0x0007       [0]    RC2_bit
0x0007       [0]    RC0_bit
0x0008       [1]    PORTD
0x000A       [1]    PCLATH
0x000C       [1]    PIR1
0x0018       [1]    RCSTA
0x0019       [1]    TXREG
0x001A       [1]    RCREG
0x001E       [1]    ADRESH
0x001F       [1]    ADCON0
0x0020      [19]    ?lstr2_UART
0x0033       [9]    ?lstr1_UART
0x003C       [2]    ?lstr13_UART
0x003E       [2]    ?lstr12_UART
0x0040       [8]    ?lstr8_UART
0x0048       [4]    ?lstr7_UART
0x004C       [2]    ?lstr9_UART
0x004E       [4]    ?lstr11_UART
0x0052       [2]    ?lstr10_UART
0x0054       [8]    ?lstr3_UART
0x005C       [2]    ?lstr4_UART
0x005E       [2]    ?lstr6_UART
0x0060       [8]    ?lstr5_UART
0x0068       [1]    _vref_mask
0x0069       [2]    ?lstr14_UART
0x006B       [2]    ?lstr15_UART
0x006D       [1]    _D2
0x006E       [1]    _D3
0x006F       [1]    _D1
0x0070       [1]    R0
0x0071       [1]    R1
0x0072       [1]    R2
0x0073       [1]    R3
0x0074       [1]    R4
0x0075       [1]    R5
0x0076       [1]    R6
0x0077       [1]    R7
0x0078       [1]    R8
0x0079       [1]    R9
0x007A       [1]    R10
0x007B       [1]    R11
0x007C       [1]    R12
0x007D       [1]    R13
0x007E       [1]    R14
0x007F       [1]    R15
0x0085       [1]    TRISA
0x0085       [0]    TRISA2_bit
0x0087       [1]    TRISC
0x0087       [0]    TRISC7_bit
0x0087       [0]    TRISC6_bit
0x0088       [1]    TRISD
0x0098       [1]    TXSTA
0x0099       [1]    SPBRG
0x009A       [1]    SPBRGH
0x009E       [1]    ADRESL
0x009F       [1]    ADCON1
0x00A0       [2]    _Adc_rd
0x00A2       [1]    _uart_rd
0x00A3       [1]    _D4
0x00A4       [2]    ___DoICPAddr
0x00A6       [8]    FLOC__main
0x00AE       [1]    FARG_UART1_Write_Text_uart_text
0x00AE       [1]    FARG_ADC_Read_channel
0x00AF       [1]    UART1_Write_Text_data__L0
0x00B0       [1]    UART1_Write_Text_counter_L0
0x00B1       [1]    FARG_UART1_Write_data_
//** Constants locations ** 
//ADDRESS    SIZE    CONSTANT
//----------------------------------------------
0x02F0      [19]    ?ICS?lstr2_UART
0x0303       [9]    ?ICS?lstr1_UART
0x030C       [2]    ?ICS?lstr13_UART
0x030E       [2]    ?ICS?lstr12_UART
0x0310       [8]    ?ICS?lstr8_UART
0x0318       [4]    ?ICS?lstr7_UART
0x031C       [2]    ?ICS?lstr9_UART
0x031E       [4]    ?ICS?lstr11_UART
0x0322       [2]    ?ICS?lstr10_UART
0x0324       [8]    ?ICS?lstr3_UART
0x032C       [2]    ?ICS?lstr4_UART
0x032E       [2]    ?ICS?lstr6_UART
0x0330       [8]    ?ICS?lstr5_UART
0x0338       [1]    ?ICS_vref_mask
0x0339       [2]    ?ICS?lstr14_UART
0x033B       [2]    ?ICS?lstr15_UART
